CMD-LOG-LINE-BEGIN 17952 | 2024-12-21 18:11:57,565 | INFO | az_command_data_logger | command args: webapp up --runtime {} --name {} --resource-group {}
CMD-LOG-LINE-BEGIN 17952 | 2024-12-21 18:12:04,510 | ERROR | az_command_data_logger | (RequestDisallowedByPolicy) Resource 'gorkemertas2002_asp_1456' was disallowed by policy. Reasons: 'You can create resources in the following regions italynorth, switzerlandnorth, polandcentral, swedencentral, francecentral only. For business reasons if you need access to any other regions, please visit aka.ms/regionOptimization for help.'. See error details for policy resource IDs.
Code: RequestDisallowedByPolicy
Message: Resource 'gorkemertas2002_asp_1456' was disallowed by policy. Reasons: 'You can create resources in the following regions italynorth, switzerlandnorth, polandcentral, swedencentral, francecentral only. For business reasons if you need access to any other regions, please visit aka.ms/regionOptimization for help.'. See error details for policy resource IDs.
Target: gorkemertas2002_asp_1456
Additional Information:Type: PolicyViolation
Info: {
    "evaluationDetails": {
        "evaluatedExpressions": [
            {
                "result": "True",
                "expressionKind": "Field",
                "expression": "location",
                "path": "location",
                "expressionValue": "canadacentral",
                "targetValue": [
                    "italynorth",
                    "switzerlandnorth",
                    "polandcentral",
                    "swedencentral",
                    "francecentral"
                ],
                "operator": "NotIn"
            },
            {
                "result": "True",
                "expressionKind": "Field",
                "expression": "location",
                "path": "location",
                "expressionValue": "canadacentral",
                "targetValue": "global",
                "operator": "NotEquals"
            },
            {
                "result": "True",
                "expressionKind": "Field",
                "expression": "type",
                "path": "type",
                "expressionValue": "Microsoft.Web/serverfarms",
                "targetValue": "Microsoft.AzureActiveDirectory/b2cDirectories",
                "operator": "NotEquals"
            }
        ],
        "reason": "You can create resources in the following regions italynorth, switzerlandnorth, polandcentral, swedencentral, francecentral only. For business reasons if you need access to any other regions, please visit aka.ms/regionOptimization for help."
    },
    "policyDefinitionId": "/providers/Microsoft.Authorization/policyDefinitions/b86dabb9-b578-4d7b-b842-3b45e95769a1",
    "policyDefinitionName": "b86dabb9-b578-4d7b-b842-3b45e95769a1",
    "policyDefinitionDisplayName": "Allowed resource deployment regions",
    "policyDefinitionEffect": "deny",
    "policyAssignmentId": "/subscriptions/1da3f56b-f86a-4c59-979d-386694724af1/providers/Microsoft.Authorization/policyAssignments/ff07bf6d-d76e-4424-ab75-0a7655825f4f",
    "policyAssignmentName": "ff07bf6d-d76e-4424-ab75-0a7655825f4f",
    "policyAssignmentDisplayName": "Policy Assignment",
    "policyAssignmentScope": "/subscriptions/1da3f56b-f86a-4c59-979d-386694724af1",
    "policyAssignmentParameters": {
        "listOfAllowedLocations": [
            "italynorth",
            "switzerlandnorth",
            "polandcentral",
            "swedencentral",
            "francecentral"
        ]
    },
    "policyExemptionIds": []
}
CMD-LOG-LINE-BEGIN 17952 | 2024-12-21 18:12:04,512 | INFO | az_command_data_logger | exit code: 1
