25944 : 2024-12-21 16:13:59,808 : INFO : telemetry.main : Attempt start. Configuration directory [C:\Users\gorke\.azure]. Cache directory [C:\Users\gorke\.azure\telemetry\20241221161358606].
25944 : 2024-12-21 16:13:59,808 : INFO : telemetry.records : 1 cache files to upload.
25944 : 2024-12-21 16:13:59,815 : INFO : telemetry.records : Processed file C:\Users\gorke\.azure\telemetry\20241221161358606\cache into 1 records.
25944 : 2024-12-21 16:13:59,817 : INFO : telemetry.records : Remove directory C:\Users\gorke\.azure\telemetry\20241221161358606
25944 : 2024-12-21 16:13:59,876 : INFO : telemetry.client : Accumulated 1 events. Flush the clients.
25944 : 2024-12-21 16:13:59,876 : INFO : telemetry.client : Flush client c4395b75-49cc-422c-bc95-c7d51aef5d46.
25944 : 2024-12-21 16:14:00,309 : INFO : telemetry.sender : Sending 4535 bytes
25944 : 2024-12-21 16:14:00,309 : INFO : telemetry.sender : Finish uploading in 0.433423 seconds.
18488 : 2024-12-21 16:26:45,140 : INFO : telemetry.main : Attempt start. Configuration directory [C:\Users\gorke\.azure]. Cache directory [C:\Users\gorke\.azure\telemetry\20241221162644940].
18488 : 2024-12-21 16:26:45,140 : INFO : telemetry.records : 1 cache files to upload.
18488 : 2024-12-21 16:26:45,149 : INFO : telemetry.records : Processed file C:\Users\gorke\.azure\telemetry\20241221162644940\cache into 1 records.
18488 : 2024-12-21 16:26:45,149 : INFO : telemetry.records : Remove directory C:\Users\gorke\.azure\telemetry\20241221162644940
18488 : 2024-12-21 16:26:45,209 : INFO : telemetry.client : Accumulated 1 events. Flush the clients.
18488 : 2024-12-21 16:26:45,209 : INFO : telemetry.client : Flush client c4395b75-49cc-422c-bc95-c7d51aef5d46.
18488 : 2024-12-21 16:26:45,598 : INFO : telemetry.sender : Sending 4570 bytes
18488 : 2024-12-21 16:26:45,598 : INFO : telemetry.sender : Finish uploading in 0.389374 seconds.
16916 : 2024-12-21 16:34:50,015 : INFO : telemetry.main : Attempt start. Configuration directory [C:\Users\gorke\.azure]. Cache directory [C:\Users\gorke\.azure\telemetry\20241221163449790].
16916 : 2024-12-21 16:34:50,015 : INFO : telemetry.records : 1 cache files to upload.
16916 : 2024-12-21 16:34:50,021 : INFO : telemetry.records : Processed file C:\Users\gorke\.azure\telemetry\20241221163449790\cache into 1 records.
16916 : 2024-12-21 16:34:50,023 : INFO : telemetry.records : Remove directory C:\Users\gorke\.azure\telemetry\20241221163449790
16916 : 2024-12-21 16:34:50,061 : INFO : telemetry.client : Accumulated 1 events. Flush the clients.
16916 : 2024-12-21 16:34:50,061 : INFO : telemetry.client : Flush client c4395b75-49cc-422c-bc95-c7d51aef5d46.
16916 : 2024-12-21 16:34:50,429 : INFO : telemetry.sender : Sending 3823 bytes
16916 : 2024-12-21 16:34:50,429 : INFO : telemetry.sender : Finish uploading in 0.367287 seconds.
12520 : 2024-12-21 18:07:45,816 : INFO : telemetry.main : Attempt start. Configuration directory [C:\Users\gorke\.azure]. Cache directory [C:\Users\gorke\.azure\telemetry\20241221180745613].
12520 : 2024-12-21 18:07:45,816 : INFO : telemetry.records : 1 cache files to upload.
12520 : 2024-12-21 18:07:45,837 : INFO : telemetry.records : Processed file C:\Users\gorke\.azure\telemetry\20241221180745613\cache into 1 records.
12520 : 2024-12-21 18:07:45,837 : INFO : telemetry.records : Remove directory C:\Users\gorke\.azure\telemetry\20241221180745613
12520 : 2024-12-21 18:07:45,874 : INFO : telemetry.client : Accumulated 1 events. Flush the clients.
12520 : 2024-12-21 18:07:45,874 : INFO : telemetry.client : Flush client c4395b75-49cc-422c-bc95-c7d51aef5d46.
12520 : 2024-12-21 18:07:46,246 : INFO : telemetry.sender : Sending 3753 bytes
12520 : 2024-12-21 18:07:46,246 : INFO : telemetry.sender : Finish uploading in 0.371418 seconds.
20820 : 2024-12-21 18:09:31,751 : INFO : telemetry.main : Attempt start. Configuration directory [C:\Users\gorke\.azure]. Cache directory [C:\Users\gorke\.azure\telemetry\20241221180931548].
20820 : 2024-12-21 18:09:31,751 : INFO : telemetry.records : 1 cache files to upload.
20820 : 2024-12-21 18:09:31,758 : INFO : telemetry.records : Processed file C:\Users\gorke\.azure\telemetry\20241221180931548\cache into 1 records.
20820 : 2024-12-21 18:09:31,760 : INFO : telemetry.records : Remove directory C:\Users\gorke\.azure\telemetry\20241221180931548
20820 : 2024-12-21 18:09:31,858 : INFO : telemetry.client : Accumulated 1 events. Flush the clients.
20820 : 2024-12-21 18:09:31,858 : INFO : telemetry.client : Flush client c4395b75-49cc-422c-bc95-c7d51aef5d46.
20820 : 2024-12-21 18:09:32,237 : INFO : telemetry.sender : Sending 4570 bytes
20820 : 2024-12-21 18:09:32,237 : INFO : telemetry.sender : Finish uploading in 0.378762 seconds.
11420 : 2024-12-21 18:13:50,690 : INFO : telemetry.main : Attempt start. Configuration directory [C:\Users\gorke\.azure]. Cache directory [C:\Users\gorke\.azure\telemetry\20241221181350460].
11420 : 2024-12-21 18:13:50,690 : INFO : telemetry.records : 1 cache files to upload.
11420 : 2024-12-21 18:13:50,698 : INFO : telemetry.records : Processed file C:\Users\gorke\.azure\telemetry\20241221181350460\cache into 1 records.
11420 : 2024-12-21 18:13:50,698 : INFO : telemetry.records : Remove directory C:\Users\gorke\.azure\telemetry\20241221181350460
11420 : 2024-12-21 18:13:50,745 : INFO : telemetry.client : Accumulated 1 events. Flush the clients.
11420 : 2024-12-21 18:13:50,745 : INFO : telemetry.client : Flush client c4395b75-49cc-422c-bc95-c7d51aef5d46.
11420 : 2024-12-21 18:13:51,130 : INFO : telemetry.sender : Sending 3823 bytes
11420 : 2024-12-21 18:13:51,130 : INFO : telemetry.sender : Finish uploading in 0.384993 seconds.
